<?xml version="1.0" encoding="UTF-8"?>
<coverage generated="1635252020655" clover="3.2.0">
  <project timestamp="1635252020655" name="All files">
    <metrics statements="121" coveredstatements="56" conditionals="34" coveredconditionals="16" methods="63" coveredmethods="28" elements="218" coveredelements="100" complexity="0" loc="121" ncloc="121" packages="7" files="13" classes="13">
      <package name="src">
        <metrics statements="35" coveredstatements="15" conditionals="11" coveredconditionals="9" methods="17" coveredmethods="8"/>
        <file name="App.js" path="/Users/murat/books/redux-in-a/ch-testing/src/App.js">
          <metrics statements="7" coveredstatements="4" conditionals="2" coveredconditionals="2" methods="6" coveredmethods="3"/>
          <line num="10" count="3" type="stmt"/>
          <line num="14" count="0" type="stmt"/>
          <line num="18" count="0" type="stmt"/>
          <line num="22" count="0" type="stmt"/>
          <line num="26" count="3" type="stmt"/>
          <line num="44" count="1" type="stmt"/>
          <line num="46" count="1" type="stmt"/>
        </file>
        <file name="example_middleware.js" path="/Users/murat/books/redux-in-a/ch-testing/src/example_middleware.js">
          <metrics statements="8" coveredstatements="7" conditionals="5" coveredconditionals="5" methods="5" coveredmethods="4"/>
          <line num="3" count="4" type="stmt"/>
          <line num="4" count="4" type="cond" truecount="5" falsecount="0"/>
          <line num="5" count="2" type="stmt"/>
          <line num="8" count="2" type="stmt"/>
          <line num="10" count="2" type="stmt"/>
          <line num="12" count="2" type="stmt"/>
          <line num="15" count="0" type="stmt"/>
          <line num="21" count="2" type="stmt"/>
        </file>
        <file name="example_service.js" path="/Users/murat/books/redux-in-a/ch-testing/src/example_service.js">
          <metrics statements="2" coveredstatements="0" conditionals="0" coveredconditionals="0" methods="2" coveredmethods="0"/>
          <line num="2" count="0" type="stmt"/>
          <line num="3" count="0" type="stmt"/>
        </file>
        <file name="sagas.js" path="/Users/murat/books/redux-in-a/ch-testing/src/sagas.js">
          <metrics statements="18" coveredstatements="4" conditionals="4" coveredconditionals="2" methods="4" coveredmethods="1"/>
          <line num="6" count="0" type="stmt"/>
          <line num="7" count="0" type="stmt"/>
          <line num="11" count="0" type="stmt"/>
          <line num="13" count="0" type="stmt"/>
          <line num="14" count="0" type="stmt"/>
          <line num="15" count="0" type="stmt"/>
          <line num="17" count="0" type="cond" truecount="0" falsecount="2"/>
          <line num="18" count="0" type="stmt"/>
          <line num="19" count="0" type="stmt"/>
          <line num="22" count="0" type="stmt"/>
          <line num="27" count="2" type="cond" truecount="2" falsecount="0"/>
          <line num="28" count="1" type="stmt"/>
          <line num="29" count="2" type="stmt"/>
          <line num="30" count="2" type="stmt"/>
          <line num="39" count="0" type="stmt"/>
          <line num="40" count="0" type="stmt"/>
          <line num="41" count="0" type="stmt"/>
          <line num="46" count="0" type="stmt"/>
        </file>
      </package>
      <package name="src.actions">
        <metrics statements="21" coveredstatements="7" conditionals="6" coveredconditionals="1" methods="15" coveredmethods="6"/>
        <file name="index.js" path="/Users/murat/books/redux-in-a/ch-testing/src/actions/index.js">
          <metrics statements="21" coveredstatements="7" conditionals="6" coveredconditionals="1" methods="15" coveredmethods="6"/>
          <line num="4" count="3" type="stmt"/>
          <line num="10" count="1" type="stmt"/>
          <line num="16" count="2" type="stmt"/>
          <line num="25" count="1" type="stmt"/>
          <line num="26" count="1" type="stmt"/>
          <line num="27" count="1" type="stmt"/>
          <line num="28" count="1" type="stmt"/>
          <line num="34" count="0" type="stmt"/>
          <line num="43" count="0" type="stmt"/>
          <line num="47" count="0" type="stmt"/>
          <line num="51" count="0" type="stmt"/>
          <line num="52" count="0" type="stmt"/>
          <line num="53" count="0" type="stmt"/>
          <line num="57" count="0" type="stmt"/>
          <line num="58" count="0" type="stmt"/>
          <line num="61" count="0" type="cond" truecount="0" falsecount="2"/>
          <line num="62" count="0" type="stmt"/>
          <line num="66" count="0" type="cond" truecount="0" falsecount="2"/>
          <line num="67" count="0" type="stmt"/>
          <line num="74" count="0" type="stmt"/>
          <line num="78" count="0" type="stmt"/>
        </file>
      </package>
      <package name="src.api">
        <metrics statements="5" coveredstatements="2" conditionals="0" coveredconditionals="0" methods="3" coveredmethods="0"/>
        <file name="index.js" path="/Users/murat/books/redux-in-a/ch-testing/src/api/index.js">
          <metrics statements="5" coveredstatements="2" conditionals="0" coveredconditionals="0" methods="3" coveredmethods="0"/>
          <line num="3" count="3" type="stmt"/>
          <line num="5" count="3" type="stmt"/>
          <line num="13" count="0" type="stmt"/>
          <line num="17" count="0" type="stmt"/>
          <line num="21" count="0" type="stmt"/>
        </file>
      </package>
      <package name="src.components">
        <metrics statements="26" coveredstatements="14" conditionals="4" coveredconditionals="2" methods="16" coveredmethods="7"/>
        <file name="FlashMessage.js" path="/Users/murat/books/redux-in-a/ch-testing/src/components/FlashMessage.js">
          <metrics statements="2" coveredstatements="2" conditionals="0" coveredconditionals="0" methods="1" coveredmethods="1"/>
          <line num="4" count="1" type="stmt"/>
          <line num="11" count="1" type="stmt"/>
        </file>
        <file name="Task.js" path="/Users/murat/books/redux-in-a/ch-testing/src/components/Task.js">
          <metrics statements="4" coveredstatements="1" conditionals="0" coveredconditionals="0" methods="3" coveredmethods="0"/>
          <line num="5" count="2" type="stmt"/>
          <line num="6" count="0" type="stmt"/>
          <line num="12" count="0" type="stmt"/>
          <line num="25" count="0" type="stmt"/>
        </file>
        <file name="TaskList.js" path="/Users/murat/books/redux-in-a/ch-testing/src/components/TaskList.js">
          <metrics statements="3" coveredstatements="3" conditionals="0" coveredconditionals="0" methods="2" coveredmethods="2"/>
          <line num="6" count="2" type="stmt"/>
          <line num="7" count="7" type="stmt"/>
          <line num="13" count="6" type="stmt"/>
        </file>
        <file name="TasksPage.js" path="/Users/murat/books/redux-in-a/ch-testing/src/components/TasksPage.js">
          <metrics statements="17" coveredstatements="8" conditionals="4" coveredconditionals="2" methods="10" coveredmethods="4"/>
          <line num="6" count="2" type="stmt"/>
          <line num="7" count="2" type="stmt"/>
          <line num="15" count="0" type="stmt"/>
          <line num="19" count="0" type="stmt"/>
          <line num="23" count="0" type="stmt"/>
          <line num="31" count="0" type="stmt"/>
          <line num="32" count="0" type="stmt"/>
          <line num="36" count="0" type="stmt"/>
          <line num="40" count="0" type="stmt"/>
          <line num="44" count="2" type="stmt"/>
          <line num="46" count="2" type="stmt"/>
          <line num="47" count="3" type="stmt"/>
          <line num="49" count="3" type="stmt"/>
          <line num="61" count="0" type="stmt"/>
          <line num="65" count="2" type="cond" truecount="1" falsecount="1"/>
          <line num="66" count="0" type="stmt"/>
          <line num="69" count="2" type="stmt"/>
        </file>
      </package>
      <package name="src.constants">
        <metrics statements="1" coveredstatements="1" conditionals="0" coveredconditionals="0" methods="0" coveredmethods="0"/>
        <file name="index.js" path="/Users/murat/books/redux-in-a/ch-testing/src/constants/index.js">
          <metrics statements="1" coveredstatements="1" conditionals="0" coveredconditionals="0" methods="0" coveredmethods="0"/>
          <line num="1" count="4" type="stmt"/>
        </file>
      </package>
      <package name="src.reducers">
        <metrics statements="28" coveredstatements="14" conditionals="13" coveredconditionals="4" methods="10" coveredmethods="7"/>
        <file name="index.js" path="/Users/murat/books/redux-in-a/ch-testing/src/reducers/index.js">
          <metrics statements="28" coveredstatements="14" conditionals="13" coveredconditionals="4" methods="10" coveredmethods="7"/>
          <line num="4" count="3" type="stmt"/>
          <line num="11" count="3" type="cond" truecount="3" falsecount="5"/>
          <line num="13" count="1" type="stmt"/>
          <line num="19" count="1" type="stmt"/>
          <line num="26" count="0" type="stmt"/>
          <line num="33" count="0" type="stmt"/>
          <line num="39" count="0" type="stmt"/>
          <line num="40" count="0" type="stmt"/>
          <line num="41" count="0" type="cond" truecount="0" falsecount="2"/>
          <line num="42" count="0" type="stmt"/>
          <line num="45" count="0" type="stmt"/>
          <line num="47" count="0" type="stmt"/>
          <line num="53" count="0" type="stmt"/>
          <line num="54" count="0" type="cond" truecount="0" falsecount="2"/>
          <line num="55" count="0" type="stmt"/>
          <line num="58" count="0" type="stmt"/>
          <line num="60" count="0" type="stmt"/>
          <line num="66" count="0" type="stmt"/>
          <line num="69" count="1" type="stmt"/>
          <line num="74" count="5" type="stmt"/>
          <line num="75" count="5" type="stmt"/>
          <line num="77" count="3" type="stmt"/>
          <line num="80" count="6" type="stmt"/>
          <line num="84" count="3" type="stmt"/>
          <line num="87" count="1" type="stmt"/>
          <line num="89" count="1" type="stmt"/>
          <line num="90" count="3" type="stmt"/>
          <line num="93" count="1" type="stmt"/>
        </file>
      </package>
      <package name="test">
        <metrics statements="5" coveredstatements="3" conditionals="0" coveredconditionals="0" methods="2" coveredmethods="0"/>
        <file name="setup.js" path="/Users/murat/books/redux-in-a/ch-testing/test/setup.js">
          <metrics statements="5" coveredstatements="3" conditionals="0" coveredconditionals="0" methods="2" coveredmethods="0"/>
          <line num="4" count="8" type="stmt"/>
          <line num="6" count="8" type="stmt"/>
          <line num="12" count="8" type="stmt"/>
          <line num="16" count="0" type="stmt"/>
          <line num="26" count="0" type="stmt"/>
        </file>
      </package>
    </metrics>
  </project>
</coverage>
