{"/Users/murat/books/redux-in-a/ch-testing/src/App.js": {"path":"/Users/murat/books/redux-in-a/ch-testing/src/App.js","statementMap":{"0":{"start":{"line":10,"column":4},"end":{"line":10,"column":38}},"1":{"start":{"line":14,"column":4},"end":{"line":14,"column":60}},"2":{"start":{"line":18,"column":4},"end":{"line":18,"column":50}},"3":{"start":{"line":22,"column":4},"end":{"line":22,"column":49}},"4":{"start":{"line":26,"column":4},"end":{"line":39,"column":6}},"5":{"start":{"line":44,"column":31},"end":{"line":44,"column":42}},"6":{"start":{"line":46,"column":2},"end":{"line":46,"column":72}}},"fnMap":{"0":{"name":"(anonymous_0)","decl":{"start":{"line":9,"column":2},"end":{"line":9,"column":3}},"loc":{"start":{"line":9,"column":22},"end":{"line":11,"column":3}},"line":9},"1":{"name":"(anonymous_1)","decl":{"start":{"line":13,"column":17},"end":{"line":13,"column":18}},"loc":{"start":{"line":13,"column":45},"end":{"line":15,"column":3}},"line":13},"2":{"name":"(anonymous_2)","decl":{"start":{"line":17,"column":19},"end":{"line":17,"column":20}},"loc":{"start":{"line":17,"column":35},"end":{"line":19,"column":3}},"line":17},"3":{"name":"(anonymous_3)","decl":{"start":{"line":21,"column":13},"end":{"line":21,"column":14}},"loc":{"start":{"line":21,"column":27},"end":{"line":23,"column":3}},"line":21},"4":{"name":"(anonymous_4)","decl":{"start":{"line":25,"column":2},"end":{"line":25,"column":3}},"loc":{"start":{"line":25,"column":11},"end":{"line":40,"column":3}},"line":25},"5":{"name":"mapStateToProps","decl":{"start":{"line":43,"column":9},"end":{"line":43,"column":24}},"loc":{"start":{"line":43,"column":32},"end":{"line":47,"column":1}},"line":43}},"branchMap":{"0":{"loc":{"start":{"line":28,"column":9},"end":{"line":28,"column":72}},"type":"binary-expr","locations":[{"start":{"line":28,"column":9},"end":{"line":28,"column":25}},{"start":{"line":28,"column":29},"end":{"line":28,"column":72}}],"line":28}},"s":{"0":3,"1":0,"2":0,"3":0,"4":3,"5":1,"6":1},"f":{"0":3,"1":0,"2":0,"3":0,"4":3,"5":1},"b":{"0":[3,2]},"_coverageSchema":"332fd63041d2c1bcb487cc26dd0d5f7d97098a6c","hash":"0157ccb565a20d0c48da139d81aa90ff2eef52a9"}
,"/Users/murat/books/redux-in-a/ch-testing/src/example_middleware.js": {"path":"/Users/murat/books/redux-in-a/ch-testing/src/example_middleware.js","statementMap":{"0":{"start":{"line":3,"column":18},"end":{"line":22,"column":1}},"1":{"start":{"line":3,"column":27},"end":{"line":22,"column":1}},"2":{"start":{"line":3,"column":35},"end":{"line":22,"column":1}},"3":{"start":{"line":4,"column":2},"end":{"line":6,"column":3}},"4":{"start":{"line":5,"column":4},"end":{"line":5,"column":24}},"5":{"start":{"line":8,"column":26},"end":{"line":8,"column":47}},"6":{"start":{"line":10,"column":2},"end":{"line":19,"column":7}},"7":{"start":{"line":12,"column":6},"end":{"line":12,"column":45}},"8":{"start":{"line":15,"column":6},"end":{"line":18,"column":8}},"9":{"start":{"line":21,"column":2},"end":{"line":21,"column":22}}},"fnMap":{"0":{"name":"(anonymous_0)","decl":{"start":{"line":3,"column":18},"end":{"line":3,"column":19}},"loc":{"start":{"line":3,"column":27},"end":{"line":22,"column":1}},"line":3},"1":{"name":"(anonymous_1)","decl":{"start":{"line":3,"column":27},"end":{"line":3,"column":28}},"loc":{"start":{"line":3,"column":35},"end":{"line":22,"column":1}},"line":3},"2":{"name":"(anonymous_2)","decl":{"start":{"line":3,"column":35},"end":{"line":3,"column":36}},"loc":{"start":{"line":3,"column":45},"end":{"line":22,"column":1}},"line":3},"3":{"name":"(anonymous_3)","decl":{"start":{"line":11,"column":10},"end":{"line":11,"column":11}},"loc":{"start":{"line":11,"column":18},"end":{"line":13,"column":5}},"line":11},"4":{"name":"(anonymous_4)","decl":{"start":{"line":14,"column":11},"end":{"line":14,"column":12}},"loc":{"start":{"line":14,"column":18},"end":{"line":19,"column":5}},"line":14}},"branchMap":{"0":{"loc":{"start":{"line":4,"column":2},"end":{"line":6,"column":3}},"type":"if","locations":[{"start":{"line":4,"column":2},"end":{"line":6,"column":3}},{"start":{"line":4,"column":2},"end":{"line":6,"column":3}}],"line":4},"1":{"loc":{"start":{"line":4,"column":6},"end":{"line":4,"column":55}},"type":"binary-expr","locations":[{"start":{"line":4,"column":6},"end":{"line":4,"column":13}},{"start":{"line":4,"column":17},"end":{"line":4,"column":29}},{"start":{"line":4,"column":33},"end":{"line":4,"column":55}}],"line":4}},"s":{"0":2,"1":4,"2":4,"3":4,"4":2,"5":2,"6":2,"7":2,"8":0,"9":2},"f":{"0":4,"1":4,"2":4,"3":2,"4":0},"b":{"0":[2,2],"1":[4,4,2]},"_coverageSchema":"332fd63041d2c1bcb487cc26dd0d5f7d97098a6c","hash":"d39bb5ef7ff6bd9e64ba601c39bc9ff70379db94"}
,"/Users/murat/books/redux-in-a/ch-testing/src/example_service.js": {"path":"/Users/murat/books/redux-in-a/ch-testing/src/example_service.js","statementMap":{"0":{"start":{"line":2,"column":2},"end":{"line":4,"column":5}},"1":{"start":{"line":3,"column":4},"end":{"line":3,"column":24}}},"fnMap":{"0":{"name":"fakeAnalyticsApi","decl":{"start":{"line":1,"column":24},"end":{"line":1,"column":40}},"loc":{"start":{"line":1,"column":58},"end":{"line":5,"column":1}},"line":1},"1":{"name":"(anonymous_1)","decl":{"start":{"line":2,"column":21},"end":{"line":2,"column":22}},"loc":{"start":{"line":2,"column":42},"end":{"line":4,"column":3}},"line":2}},"branchMap":{},"s":{"0":0,"1":0},"f":{"0":0,"1":0},"b":{},"_coverageSchema":"332fd63041d2c1bcb487cc26dd0d5f7d97098a6c","hash":"f8b6b2c802ed0c14acbe519ed7599cfd82ad7aad"}
,"/Users/murat/books/redux-in-a/ch-testing/src/sagas.js": {"path":"/Users/murat/books/redux-in-a/ch-testing/src/sagas.js","statementMap":{"0":{"start":{"line":6,"column":2},"end":{"line":6,"column":59}},"1":{"start":{"line":7,"column":2},"end":{"line":7,"column":80}},"2":{"start":{"line":11,"column":22},"end":{"line":11,"column":24}},"3":{"start":{"line":13,"column":2},"end":{"line":23,"column":3}},"4":{"start":{"line":14,"column":19},"end":{"line":14,"column":41}},"5":{"start":{"line":15,"column":23},"end":{"line":15,"column":37}},"6":{"start":{"line":17,"column":4},"end":{"line":20,"column":5}},"7":{"start":{"line":18,"column":6},"end":{"line":18,"column":38}},"8":{"start":{"line":19,"column":6},"end":{"line":19,"column":50}},"9":{"start":{"line":22,"column":4},"end":{"line":22,"column":43}},"10":{"start":{"line":27,"column":2},"end":{"line":35,"column":3}},"11":{"start":{"line":28,"column":4},"end":{"line":34,"column":5}},"12":{"start":{"line":29,"column":6},"end":{"line":29,"column":30}},"13":{"start":{"line":30,"column":6},"end":{"line":33,"column":9}},"14":{"start":{"line":39,"column":2},"end":{"line":50,"column":3}},"15":{"start":{"line":40,"column":21},"end":{"line":40,"column":47}},"16":{"start":{"line":41,"column":4},"end":{"line":44,"column":7}},"17":{"start":{"line":46,"column":4},"end":{"line":49,"column":7}}},"fnMap":{"0":{"name":"rootSaga","decl":{"start":{"line":5,"column":25},"end":{"line":5,"column":33}},"loc":{"start":{"line":5,"column":36},"end":{"line":8,"column":1}},"line":5},"1":{"name":"takeLatestById","decl":{"start":{"line":10,"column":10},"end":{"line":10,"column":24}},"loc":{"start":{"line":10,"column":43},"end":{"line":24,"column":1}},"line":10},"2":{"name":"handleProgressTimer","decl":{"start":{"line":26,"column":17},"end":{"line":26,"column":36}},"loc":{"start":{"line":26,"column":56},"end":{"line":36,"column":1}},"line":26},"3":{"name":"watchFetchTasks","decl":{"start":{"line":38,"column":10},"end":{"line":38,"column":25}},"loc":{"start":{"line":38,"column":28},"end":{"line":51,"column":1}},"line":38}},"branchMap":{"0":{"loc":{"start":{"line":17,"column":4},"end":{"line":20,"column":5}},"type":"if","locations":[{"start":{"line":17,"column":4},"end":{"line":20,"column":5}},{"start":{"line":17,"column":4},"end":{"line":20,"column":5}}],"line":17},"1":{"loc":{"start":{"line":27,"column":2},"end":{"line":35,"column":3}},"type":"if","locations":[{"start":{"line":27,"column":2},"end":{"line":35,"column":3}},{"start":{"line":27,"column":2},"end":{"line":35,"column":3}}],"line":27}},"s":{"0":0,"1":0,"2":0,"3":0,"4":0,"5":0,"6":0,"7":0,"8":0,"9":0,"10":2,"11":1,"12":2,"13":2,"14":0,"15":0,"16":0,"17":0},"f":{"0":0,"1":0,"2":2,"3":0},"b":{"0":[0,0],"1":[1,1]},"_coverageSchema":"332fd63041d2c1bcb487cc26dd0d5f7d97098a6c","hash":"21b17c9458d56c9eac89f56c832637e47ea79ea3"}
,"/Users/murat/books/redux-in-a/ch-testing/src/actions/index.js": {"path":"/Users/murat/books/redux-in-a/ch-testing/src/actions/index.js","statementMap":{"0":{"start":{"line":4,"column":2},"end":{"line":6,"column":4}},"1":{"start":{"line":10,"column":2},"end":{"line":12,"column":4}},"2":{"start":{"line":16,"column":2},"end":{"line":21,"column":4}},"3":{"start":{"line":25,"column":2},"end":{"line":30,"column":4}},"4":{"start":{"line":26,"column":4},"end":{"line":26,"column":36}},"5":{"start":{"line":27,"column":4},"end":{"line":29,"column":7}},"6":{"start":{"line":28,"column":6},"end":{"line":28,"column":47}},"7":{"start":{"line":34,"column":2},"end":{"line":39,"column":4}},"8":{"start":{"line":43,"column":2},"end":{"line":43,"column":56}},"9":{"start":{"line":47,"column":2},"end":{"line":47,"column":56}},"10":{"start":{"line":51,"column":2},"end":{"line":70,"column":4}},"11":{"start":{"line":52,"column":17},"end":{"line":52,"column":56}},"12":{"start":{"line":53,"column":24},"end":{"line":56,"column":5}},"13":{"start":{"line":57,"column":4},"end":{"line":69,"column":7}},"14":{"start":{"line":58,"column":6},"end":{"line":58,"column":45}},"15":{"start":{"line":61,"column":6},"end":{"line":63,"column":7}},"16":{"start":{"line":62,"column":8},"end":{"line":62,"column":58}},"17":{"start":{"line":66,"column":6},"end":{"line":68,"column":7}},"18":{"start":{"line":67,"column":8},"end":{"line":67,"column":57}},"19":{"start":{"line":74,"column":2},"end":{"line":74,"column":44}},"20":{"start":{"line":74,"column":28},"end":{"line":74,"column":42}},"21":{"start":{"line":78,"column":2},"end":{"line":78,"column":59}}},"fnMap":{"0":{"name":"fetchTasks","decl":{"start":{"line":3,"column":16},"end":{"line":3,"column":26}},"loc":{"start":{"line":3,"column":29},"end":{"line":7,"column":1}},"line":3},"1":{"name":"createTaskRequested","decl":{"start":{"line":9,"column":16},"end":{"line":9,"column":35}},"loc":{"start":{"line":9,"column":38},"end":{"line":13,"column":1}},"line":9},"2":{"name":"createTaskSucceeded","decl":{"start":{"line":15,"column":16},"end":{"line":15,"column":35}},"loc":{"start":{"line":15,"column":42},"end":{"line":22,"column":1}},"line":15},"3":{"name":"createTask","decl":{"start":{"line":24,"column":16},"end":{"line":24,"column":26}},"loc":{"start":{"line":24,"column":73},"end":{"line":31,"column":1}},"line":24},"4":{"name":"(anonymous_4)","decl":{"start":{"line":25,"column":9},"end":{"line":25,"column":10}},"loc":{"start":{"line":25,"column":21},"end":{"line":30,"column":3}},"line":25},"5":{"name":"(anonymous_5)","decl":{"start":{"line":27,"column":63},"end":{"line":27,"column":64}},"loc":{"start":{"line":27,"column":71},"end":{"line":29,"column":5}},"line":27},"6":{"name":"editTaskSucceeded","decl":{"start":{"line":33,"column":9},"end":{"line":33,"column":26}},"loc":{"start":{"line":33,"column":33},"end":{"line":40,"column":1}},"line":33},"7":{"name":"progressTimerStart","decl":{"start":{"line":42,"column":9},"end":{"line":42,"column":27}},"loc":{"start":{"line":42,"column":36},"end":{"line":44,"column":1}},"line":42},"8":{"name":"progressTimerStop","decl":{"start":{"line":46,"column":9},"end":{"line":46,"column":26}},"loc":{"start":{"line":46,"column":35},"end":{"line":48,"column":1}},"line":46},"9":{"name":"editTask","decl":{"start":{"line":50,"column":16},"end":{"line":50,"column":24}},"loc":{"start":{"line":50,"column":42},"end":{"line":71,"column":1}},"line":50},"10":{"name":"(anonymous_10)","decl":{"start":{"line":51,"column":9},"end":{"line":51,"column":10}},"loc":{"start":{"line":51,"column":33},"end":{"line":70,"column":3}},"line":51},"11":{"name":"(anonymous_11)","decl":{"start":{"line":57,"column":39},"end":{"line":57,"column":40}},"loc":{"start":{"line":57,"column":47},"end":{"line":69,"column":5}},"line":57},"12":{"name":"getTaskById","decl":{"start":{"line":73,"column":9},"end":{"line":73,"column":20}},"loc":{"start":{"line":73,"column":32},"end":{"line":75,"column":1}},"line":73},"13":{"name":"(anonymous_13)","decl":{"start":{"line":74,"column":20},"end":{"line":74,"column":21}},"loc":{"start":{"line":74,"column":28},"end":{"line":74,"column":42}},"line":74},"14":{"name":"filterTasks","decl":{"start":{"line":77,"column":16},"end":{"line":77,"column":27}},"loc":{"start":{"line":77,"column":40},"end":{"line":79,"column":1}},"line":77}},"branchMap":{"0":{"loc":{"start":{"line":24,"column":49},"end":{"line":24,"column":69}},"type":"default-arg","locations":[{"start":{"line":24,"column":58},"end":{"line":24,"column":69}}],"line":24},"1":{"loc":{"start":{"line":50,"column":29},"end":{"line":50,"column":40}},"type":"default-arg","locations":[{"start":{"line":50,"column":38},"end":{"line":50,"column":40}}],"line":50},"2":{"loc":{"start":{"line":61,"column":6},"end":{"line":63,"column":7}},"type":"if","locations":[{"start":{"line":61,"column":6},"end":{"line":63,"column":7}},{"start":{"line":61,"column":6},"end":{"line":63,"column":7}}],"line":61},"3":{"loc":{"start":{"line":66,"column":6},"end":{"line":68,"column":7}},"type":"if","locations":[{"start":{"line":66,"column":6},"end":{"line":68,"column":7}},{"start":{"line":66,"column":6},"end":{"line":68,"column":7}}],"line":66}},"s":{"0":3,"1":1,"2":2,"3":1,"4":1,"5":1,"6":1,"7":0,"8":0,"9":0,"10":0,"11":0,"12":0,"13":0,"14":0,"15":0,"16":0,"17":0,"18":0,"19":0,"20":0,"21":0},"f":{"0":3,"1":1,"2":2,"3":1,"4":1,"5":1,"6":0,"7":0,"8":0,"9":0,"10":0,"11":0,"12":0,"13":0,"14":0},"b":{"0":[1],"1":[0],"2":[0,0],"3":[0,0]},"_coverageSchema":"332fd63041d2c1bcb487cc26dd0d5f7d97098a6c","hash":"30bceb103a5a450988ac431f7e446eef5550e854"}
,"/Users/murat/books/redux-in-a/ch-testing/src/api/index.js": {"path":"/Users/murat/books/redux-in-a/ch-testing/src/api/index.js","statementMap":{"0":{"start":{"line":3,"column":21},"end":{"line":3,"column":44}},"1":{"start":{"line":5,"column":15},"end":{"line":10,"column":2}},"2":{"start":{"line":13,"column":2},"end":{"line":13,"column":30}},"3":{"start":{"line":17,"column":2},"end":{"line":17,"column":56}},"4":{"start":{"line":21,"column":2},"end":{"line":21,"column":44}}},"fnMap":{"0":{"name":"fetchTasks","decl":{"start":{"line":12,"column":16},"end":{"line":12,"column":26}},"loc":{"start":{"line":12,"column":29},"end":{"line":14,"column":1}},"line":12},"1":{"name":"createTask","decl":{"start":{"line":16,"column":16},"end":{"line":16,"column":26}},"loc":{"start":{"line":16,"column":35},"end":{"line":18,"column":1}},"line":16},"2":{"name":"editTask","decl":{"start":{"line":20,"column":16},"end":{"line":20,"column":24}},"loc":{"start":{"line":20,"column":37},"end":{"line":22,"column":1}},"line":20}},"branchMap":{},"s":{"0":3,"1":3,"2":0,"3":0,"4":0},"f":{"0":0,"1":0,"2":0},"b":{},"_coverageSchema":"332fd63041d2c1bcb487cc26dd0d5f7d97098a6c","hash":"af13ad78f6bbef32c1fa4cd4daa3e32d56c15411"}
,"/Users/murat/books/redux-in-a/ch-testing/src/components/FlashMessage.js": {"path":"/Users/murat/books/redux-in-a/ch-testing/src/components/FlashMessage.js","statementMap":{"0":{"start":{"line":4,"column":2},"end":{"line":8,"column":4}},"1":{"start":{"line":11,"column":0},"end":{"line":13,"column":2}}},"fnMap":{"0":{"name":"FlashMessage","decl":{"start":{"line":3,"column":24},"end":{"line":3,"column":36}},"loc":{"start":{"line":3,"column":44},"end":{"line":9,"column":1}},"line":3}},"branchMap":{},"s":{"0":1,"1":1},"f":{"0":1},"b":{},"_coverageSchema":"332fd63041d2c1bcb487cc26dd0d5f7d97098a6c","hash":"bbb60fabdf9c26c03d985d30d5e23680a531d8da"}
,"/Users/murat/books/redux-in-a/ch-testing/src/components/Task.js": {"path":"/Users/murat/books/redux-in-a/ch-testing/src/components/Task.js","statementMap":{"0":{"start":{"line":5,"column":13},"end":{"line":27,"column":1}},"1":{"start":{"line":6,"column":2},"end":{"line":22,"column":4}},"2":{"start":{"line":12,"column":12},"end":{"line":12,"column":65}},"3":{"start":{"line":25,"column":4},"end":{"line":25,"column":56}}},"fnMap":{"0":{"name":"(anonymous_0)","decl":{"start":{"line":5,"column":13},"end":{"line":5,"column":14}},"loc":{"start":{"line":5,"column":22},"end":{"line":27,"column":1}},"line":5},"1":{"name":"(anonymous_1)","decl":{"start":{"line":11,"column":29},"end":{"line":11,"column":30}},"loc":{"start":{"line":12,"column":12},"end":{"line":12,"column":65}},"line":12},"2":{"name":"onStatusChange","decl":{"start":{"line":24,"column":11},"end":{"line":24,"column":25}},"loc":{"start":{"line":24,"column":29},"end":{"line":26,"column":3}},"line":24}},"branchMap":{},"s":{"0":2,"1":0,"2":0,"3":0},"f":{"0":0,"1":0,"2":0},"b":{},"_coverageSchema":"332fd63041d2c1bcb487cc26dd0d5f7d97098a6c","hash":"d2270b10bc15899d42f3694ed5b0973912dd5252"}
,"/Users/murat/books/redux-in-a/ch-testing/src/components/TaskList.js": {"path":"/Users/murat/books/redux-in-a/ch-testing/src/components/TaskList.js","statementMap":{"0":{"start":{"line":6,"column":17},"end":{"line":17,"column":1}},"1":{"start":{"line":7,"column":2},"end":{"line":16,"column":4}},"2":{"start":{"line":13,"column":8},"end":{"line":13,"column":80}}},"fnMap":{"0":{"name":"(anonymous_0)","decl":{"start":{"line":6,"column":17},"end":{"line":6,"column":18}},"loc":{"start":{"line":6,"column":26},"end":{"line":17,"column":1}},"line":6},"1":{"name":"(anonymous_1)","decl":{"start":{"line":12,"column":23},"end":{"line":12,"column":24}},"loc":{"start":{"line":13,"column":8},"end":{"line":13,"column":80}},"line":13}},"branchMap":{},"s":{"0":2,"1":7,"2":6},"f":{"0":7,"1":6},"b":{},"_coverageSchema":"332fd63041d2c1bcb487cc26dd0d5f7d97098a6c","hash":"6112a10daaed42dfb778af2d14c3c77f9001047f"}
,"/Users/murat/books/redux-in-a/ch-testing/src/components/TasksPage.js": {"path":"/Users/murat/books/redux-in-a/ch-testing/src/components/TasksPage.js","statementMap":{"0":{"start":{"line":6,"column":4},"end":{"line":6,"column":17}},"1":{"start":{"line":7,"column":4},"end":{"line":11,"column":6}},"2":{"start":{"line":15,"column":4},"end":{"line":15,"column":45}},"3":{"start":{"line":19,"column":4},"end":{"line":19,"column":51}},"4":{"start":{"line":23,"column":4},"end":{"line":27,"column":7}},"5":{"start":{"line":31,"column":4},"end":{"line":31,"column":23}},"6":{"start":{"line":32,"column":4},"end":{"line":35,"column":7}},"7":{"start":{"line":36,"column":4},"end":{"line":36,"column":21}},"8":{"start":{"line":40,"column":4},"end":{"line":40,"column":68}},"9":{"start":{"line":44,"column":38},"end":{"line":44,"column":48}},"10":{"start":{"line":46,"column":4},"end":{"line":57,"column":7}},"11":{"start":{"line":47,"column":28},"end":{"line":47,"column":41}},"12":{"start":{"line":49,"column":6},"end":{"line":56,"column":8}},"13":{"start":{"line":61,"column":4},"end":{"line":61,"column":40}},"14":{"start":{"line":65,"column":4},"end":{"line":67,"column":5}},"15":{"start":{"line":66,"column":6},"end":{"line":66,"column":61}},"16":{"start":{"line":69,"column":4},"end":{"line":104,"column":6}}},"fnMap":{"0":{"name":"(anonymous_0)","decl":{"start":{"line":5,"column":2},"end":{"line":5,"column":3}},"loc":{"start":{"line":5,"column":21},"end":{"line":12,"column":3}},"line":5},"1":{"name":"(anonymous_1)","decl":{"start":{"line":14,"column":18},"end":{"line":14,"column":19}},"loc":{"start":{"line":14,"column":23},"end":{"line":16,"column":3}},"line":14},"2":{"name":"(anonymous_2)","decl":{"start":{"line":18,"column":24},"end":{"line":18,"column":25}},"loc":{"start":{"line":18,"column":29},"end":{"line":20,"column":3}},"line":18},"3":{"name":"(anonymous_3)","decl":{"start":{"line":22,"column":2},"end":{"line":22,"column":3}},"loc":{"start":{"line":22,"column":14},"end":{"line":28,"column":3}},"line":22},"4":{"name":"(anonymous_4)","decl":{"start":{"line":30,"column":17},"end":{"line":30,"column":18}},"loc":{"start":{"line":30,"column":22},"end":{"line":37,"column":3}},"line":30},"5":{"name":"(anonymous_5)","decl":{"start":{"line":39,"column":15},"end":{"line":39,"column":16}},"loc":{"start":{"line":39,"column":21},"end":{"line":41,"column":3}},"line":39},"6":{"name":"(anonymous_6)","decl":{"start":{"line":43,"column":2},"end":{"line":43,"column":3}},"loc":{"start":{"line":43,"column":20},"end":{"line":58,"column":3}},"line":43},"7":{"name":"(anonymous_7)","decl":{"start":{"line":46,"column":34},"end":{"line":46,"column":35}},"loc":{"start":{"line":46,"column":44},"end":{"line":57,"column":5}},"line":46},"8":{"name":"(anonymous_8)","decl":{"start":{"line":60,"column":13},"end":{"line":60,"column":14}},"loc":{"start":{"line":60,"column":18},"end":{"line":62,"column":3}},"line":60},"9":{"name":"(anonymous_9)","decl":{"start":{"line":64,"column":2},"end":{"line":64,"column":3}},"loc":{"start":{"line":64,"column":11},"end":{"line":105,"column":3}},"line":64}},"branchMap":{"0":{"loc":{"start":{"line":65,"column":4},"end":{"line":67,"column":5}},"type":"if","locations":[{"start":{"line":65,"column":4},"end":{"line":67,"column":5}},{"start":{"line":65,"column":4},"end":{"line":67,"column":5}}],"line":65},"1":{"loc":{"start":{"line":79,"column":9},"end":{"line":98,"column":17}},"type":"binary-expr","locations":[{"start":{"line":79,"column":9},"end":{"line":79,"column":35}},{"start":{"line":80,"column":10},"end":{"line":98,"column":17}}],"line":79}},"s":{"0":2,"1":2,"2":0,"3":0,"4":0,"5":0,"6":0,"7":0,"8":0,"9":2,"10":2,"11":3,"12":3,"13":0,"14":2,"15":0,"16":2},"f":{"0":2,"1":0,"2":0,"3":0,"4":0,"5":0,"6":2,"7":3,"8":0,"9":2},"b":{"0":[0,2],"1":[2,0]},"_coverageSchema":"332fd63041d2c1bcb487cc26dd0d5f7d97098a6c","hash":"8b638601883bf6735ddc5b0641b7f3e138e6c28c"}
,"/Users/murat/books/redux-in-a/ch-testing/src/constants/index.js": {"path":"/Users/murat/books/redux-in-a/ch-testing/src/constants/index.js","statementMap":{"0":{"start":{"line":1,"column":29},"end":{"line":1,"column":70}}},"fnMap":{},"branchMap":{},"s":{"0":4},"f":{},"b":{},"_coverageSchema":"332fd63041d2c1bcb487cc26dd0d5f7d97098a6c","hash":"c3cfb03fc4a532decfcbe6dff5c1bf615e62be14"}
,"/Users/murat/books/redux-in-a/ch-testing/src/reducers/index.js": {"path":"/Users/murat/books/redux-in-a/ch-testing/src/reducers/index.js","statementMap":{"0":{"start":{"line":4,"column":21},"end":{"line":9,"column":1}},"1":{"start":{"line":11,"column":2},"end":{"line":71,"column":3}},"2":{"start":{"line":13,"column":6},"end":{"line":16,"column":8}},"3":{"start":{"line":19,"column":6},"end":{"line":23,"column":8}},"4":{"start":{"line":26,"column":6},"end":{"line":30,"column":8}},"5":{"start":{"line":33,"column":6},"end":{"line":36,"column":8}},"6":{"start":{"line":39,"column":26},"end":{"line":39,"column":32}},"7":{"start":{"line":40,"column":24},"end":{"line":46,"column":8}},"8":{"start":{"line":41,"column":8},"end":{"line":43,"column":9}},"9":{"start":{"line":42,"column":10},"end":{"line":42,"column":30}},"10":{"start":{"line":45,"column":8},"end":{"line":45,"column":20}},"11":{"start":{"line":47,"column":6},"end":{"line":50,"column":8}},"12":{"start":{"line":53,"column":24},"end":{"line":59,"column":8}},"13":{"start":{"line":54,"column":8},"end":{"line":56,"column":9}},"14":{"start":{"line":55,"column":10},"end":{"line":55,"column":52}},"15":{"start":{"line":58,"column":8},"end":{"line":58,"column":20}},"16":{"start":{"line":60,"column":6},"end":{"line":63,"column":8}},"17":{"start":{"line":66,"column":6},"end":{"line":66,"column":65}},"18":{"start":{"line":69,"column":6},"end":{"line":69,"column":19}},"19":{"start":{"line":74,"column":24},"end":{"line":74,"column":50}},"20":{"start":{"line":74,"column":33},"end":{"line":74,"column":50}},"21":{"start":{"line":75,"column":29},"end":{"line":75,"column":60}},"22":{"start":{"line":75,"column":38},"end":{"line":75,"column":60}},"23":{"start":{"line":77,"column":32},"end":{"line":82,"column":1}},"24":{"start":{"line":80,"column":4},"end":{"line":80,"column":79}},"25":{"start":{"line":80,"column":32},"end":{"line":80,"column":77}},"26":{"start":{"line":84,"column":42},"end":{"line":95,"column":1}},"27":{"start":{"line":87,"column":20},"end":{"line":87,"column":22}},"28":{"start":{"line":89,"column":4},"end":{"line":91,"column":7}},"29":{"start":{"line":90,"column":6},"end":{"line":90,"column":69}},"30":{"start":{"line":90,"column":45},"end":{"line":90,"column":67}},"31":{"start":{"line":93,"column":4},"end":{"line":93,"column":19}}},"fnMap":{"0":{"name":"tasks","decl":{"start":{"line":10,"column":24},"end":{"line":10,"column":29}},"loc":{"start":{"line":10,"column":60},"end":{"line":72,"column":1}},"line":10},"1":{"name":"(anonymous_1)","decl":{"start":{"line":40,"column":40},"end":{"line":40,"column":41}},"loc":{"start":{"line":40,"column":48},"end":{"line":46,"column":7}},"line":40},"2":{"name":"(anonymous_2)","decl":{"start":{"line":53,"column":40},"end":{"line":53,"column":41}},"loc":{"start":{"line":53,"column":48},"end":{"line":59,"column":7}},"line":53},"3":{"name":"(anonymous_3)","decl":{"start":{"line":74,"column":24},"end":{"line":74,"column":25}},"loc":{"start":{"line":74,"column":33},"end":{"line":74,"column":50}},"line":74},"4":{"name":"(anonymous_4)","decl":{"start":{"line":75,"column":29},"end":{"line":75,"column":30}},"loc":{"start":{"line":75,"column":38},"end":{"line":75,"column":60}},"line":75},"5":{"name":"(anonymous_5)","decl":{"start":{"line":79,"column":2},"end":{"line":79,"column":3}},"loc":{"start":{"line":79,"column":25},"end":{"line":81,"column":3}},"line":79},"6":{"name":"(anonymous_6)","decl":{"start":{"line":80,"column":24},"end":{"line":80,"column":25}},"loc":{"start":{"line":80,"column":32},"end":{"line":80,"column":77}},"line":80},"7":{"name":"(anonymous_7)","decl":{"start":{"line":86,"column":2},"end":{"line":86,"column":3}},"loc":{"start":{"line":86,"column":11},"end":{"line":94,"column":3}},"line":86},"8":{"name":"(anonymous_8)","decl":{"start":{"line":89,"column":26},"end":{"line":89,"column":27}},"loc":{"start":{"line":89,"column":36},"end":{"line":91,"column":5}},"line":89},"9":{"name":"(anonymous_9)","decl":{"start":{"line":90,"column":37},"end":{"line":90,"column":38}},"loc":{"start":{"line":90,"column":45},"end":{"line":90,"column":67}},"line":90}},"branchMap":{"0":{"loc":{"start":{"line":10,"column":30},"end":{"line":10,"column":50}},"type":"default-arg","locations":[{"start":{"line":10,"column":38},"end":{"line":10,"column":50}}],"line":10},"1":{"loc":{"start":{"line":11,"column":2},"end":{"line":71,"column":3}},"type":"switch","locations":[{"start":{"line":12,"column":4},"end":{"line":17,"column":5}},{"start":{"line":18,"column":4},"end":{"line":24,"column":5}},{"start":{"line":25,"column":4},"end":{"line":31,"column":5}},{"start":{"line":32,"column":4},"end":{"line":37,"column":5}},{"start":{"line":38,"column":4},"end":{"line":51,"column":5}},{"start":{"line":52,"column":4},"end":{"line":64,"column":5}},{"start":{"line":65,"column":4},"end":{"line":67,"column":5}},{"start":{"line":68,"column":4},"end":{"line":70,"column":5}}],"line":11},"2":{"loc":{"start":{"line":41,"column":8},"end":{"line":43,"column":9}},"type":"if","locations":[{"start":{"line":41,"column":8},"end":{"line":43,"column":9}},{"start":{"line":41,"column":8},"end":{"line":43,"column":9}}],"line":41},"3":{"loc":{"start":{"line":54,"column":8},"end":{"line":56,"column":9}},"type":"if","locations":[{"start":{"line":54,"column":8},"end":{"line":56,"column":9}},{"start":{"line":54,"column":8},"end":{"line":56,"column":9}}],"line":54}},"s":{"0":3,"1":3,"2":1,"3":1,"4":0,"5":0,"6":0,"7":0,"8":0,"9":0,"10":0,"11":0,"12":0,"13":0,"14":0,"15":0,"16":0,"17":0,"18":1,"19":3,"20":5,"21":3,"22":5,"23":3,"24":4,"25":6,"26":3,"27":1,"28":1,"29":3,"30":0,"31":1},"f":{"0":3,"1":0,"2":0,"3":5,"4":5,"5":4,"6":6,"7":1,"8":3,"9":0},"b":{"0":[1],"1":[1,1,0,0,0,0,0,1],"2":[0,0],"3":[0,0]},"_coverageSchema":"332fd63041d2c1bcb487cc26dd0d5f7d97098a6c","hash":"fc7490c703d39afd6c8725fd6ff42e0e1c4c5919"}
,"/Users/murat/books/redux-in-a/ch-testing/test/setup.js": {"path":"/Users/murat/books/redux-in-a/ch-testing/test/setup.js","statementMap":{"0":{"start":{"line":4,"column":0},"end":{"line":4,"column":45}},"1":{"start":{"line":6,"column":0},"end":{"line":9,"column":2}},"2":{"start":{"line":12,"column":0},"end":{"line":32,"column":2}},"3":{"start":{"line":16,"column":12},"end":{"line":19,"column":14}},"4":{"start":{"line":26,"column":8},"end":{"line":30,"column":10}}},"fnMap":{"0":{"name":"(anonymous_0)","decl":{"start":{"line":15,"column":21},"end":{"line":15,"column":22}},"loc":{"start":{"line":15,"column":27},"end":{"line":20,"column":9}},"line":15},"1":{"name":"(anonymous_1)","decl":{"start":{"line":25,"column":20},"end":{"line":25,"column":21}},"loc":{"start":{"line":25,"column":26},"end":{"line":31,"column":5}},"line":25}},"branchMap":{},"s":{"0":8,"1":8,"2":8,"3":0,"4":0},"f":{"0":0,"1":0},"b":{},"_coverageSchema":"332fd63041d2c1bcb487cc26dd0d5f7d97098a6c","hash":"2da37d1a0349dfbf0ab777f9a5cb20a39055f742"}
}
