TN:
SF:/Users/murat/books/redux-in-a/ch-testing/src/App.js
FN:9,(anonymous_0)
FN:13,(anonymous_1)
FN:17,(anonymous_2)
FN:21,(anonymous_3)
FN:25,(anonymous_4)
FN:43,mapStateToProps
FNF:6
FNH:3
FNDA:3,(anonymous_0)
FNDA:0,(anonymous_1)
FNDA:0,(anonymous_2)
FNDA:0,(anonymous_3)
FNDA:3,(anonymous_4)
FNDA:1,mapStateToProps
DA:10,3
DA:14,0
DA:18,0
DA:22,0
DA:26,3
DA:44,1
DA:46,1
LF:7
LH:4
BRDA:28,0,0,3
BRDA:28,0,1,2
BRF:2
BRH:2
end_of_record
TN:
SF:/Users/murat/books/redux-in-a/ch-testing/src/example_middleware.js
FN:3,(anonymous_0)
FN:3,(anonymous_1)
FN:3,(anonymous_2)
FN:11,(anonymous_3)
FN:14,(anonymous_4)
FNF:5
FNH:4
FNDA:4,(anonymous_0)
FNDA:4,(anonymous_1)
FNDA:4,(anonymous_2)
FNDA:2,(anonymous_3)
FNDA:0,(anonymous_4)
DA:3,4
DA:4,4
DA:5,2
DA:8,2
DA:10,2
DA:12,2
DA:15,0
DA:21,2
LF:8
LH:7
BRDA:4,0,0,2
BRDA:4,0,1,2
BRDA:4,1,0,4
BRDA:4,1,1,4
BRDA:4,1,2,2
BRF:5
BRH:5
end_of_record
TN:
SF:/Users/murat/books/redux-in-a/ch-testing/src/example_service.js
FN:1,fakeAnalyticsApi
FN:2,(anonymous_1)
FNF:2
FNH:0
FNDA:0,fakeAnalyticsApi
FNDA:0,(anonymous_1)
DA:2,0
DA:3,0
LF:2
LH:0
BRF:0
BRH:0
end_of_record
TN:
SF:/Users/murat/books/redux-in-a/ch-testing/src/sagas.js
FN:5,rootSaga
FN:10,takeLatestById
FN:26,handleProgressTimer
FN:38,watchFetchTasks
FNF:4
FNH:1
FNDA:0,rootSaga
FNDA:0,takeLatestById
FNDA:2,handleProgressTimer
FNDA:0,watchFetchTasks
DA:6,0
DA:7,0
DA:11,0
DA:13,0
DA:14,0
DA:15,0
DA:17,0
DA:18,0
DA:19,0
DA:22,0
DA:27,2
DA:28,1
DA:29,2
DA:30,2
DA:39,0
DA:40,0
DA:41,0
DA:46,0
LF:18
LH:4
BRDA:17,0,0,0
BRDA:17,0,1,0
BRDA:27,1,0,1
BRDA:27,1,1,1
BRF:4
BRH:2
end_of_record
TN:
SF:/Users/murat/books/redux-in-a/ch-testing/src/actions/index.js
FN:3,fetchTasks
FN:9,createTaskRequested
FN:15,createTaskSucceeded
FN:24,createTask
FN:25,(anonymous_4)
FN:27,(anonymous_5)
FN:33,editTaskSucceeded
FN:42,progressTimerStart
FN:46,progressTimerStop
FN:50,editTask
FN:51,(anonymous_10)
FN:57,(anonymous_11)
FN:73,getTaskById
FN:74,(anonymous_13)
FN:77,filterTasks
FNF:15
FNH:6
FNDA:3,fetchTasks
FNDA:1,createTaskRequested
FNDA:2,createTaskSucceeded
FNDA:1,createTask
FNDA:1,(anonymous_4)
FNDA:1,(anonymous_5)
FNDA:0,editTaskSucceeded
FNDA:0,progressTimerStart
FNDA:0,progressTimerStop
FNDA:0,editTask
FNDA:0,(anonymous_10)
FNDA:0,(anonymous_11)
FNDA:0,getTaskById
FNDA:0,(anonymous_13)
FNDA:0,filterTasks
DA:4,3
DA:10,1
DA:16,2
DA:25,1
DA:26,1
DA:27,1
DA:28,1
DA:34,0
DA:43,0
DA:47,0
DA:51,0
DA:52,0
DA:53,0
DA:57,0
DA:58,0
DA:61,0
DA:62,0
DA:66,0
DA:67,0
DA:74,0
DA:78,0
LF:21
LH:7
BRDA:24,0,0,1
BRDA:50,1,0,0
BRDA:61,2,0,0
BRDA:61,2,1,0
BRDA:66,3,0,0
BRDA:66,3,1,0
BRF:6
BRH:1
end_of_record
TN:
SF:/Users/murat/books/redux-in-a/ch-testing/src/api/index.js
FN:12,fetchTasks
FN:16,createTask
FN:20,editTask
FNF:3
FNH:0
FNDA:0,fetchTasks
FNDA:0,createTask
FNDA:0,editTask
DA:3,3
DA:5,3
DA:13,0
DA:17,0
DA:21,0
LF:5
LH:2
BRF:0
BRH:0
end_of_record
TN:
SF:/Users/murat/books/redux-in-a/ch-testing/src/components/FlashMessage.js
FN:3,FlashMessage
FNF:1
FNH:1
FNDA:1,FlashMessage
DA:4,1
DA:11,1
LF:2
LH:2
BRF:0
BRH:0
end_of_record
TN:
SF:/Users/murat/books/redux-in-a/ch-testing/src/components/Task.js
FN:5,(anonymous_0)
FN:11,(anonymous_1)
FN:24,onStatusChange
FNF:3
FNH:0
FNDA:0,(anonymous_0)
FNDA:0,(anonymous_1)
FNDA:0,onStatusChange
DA:5,2
DA:6,0
DA:12,0
DA:25,0
LF:4
LH:1
BRF:0
BRH:0
end_of_record
TN:
SF:/Users/murat/books/redux-in-a/ch-testing/src/components/TaskList.js
FN:6,(anonymous_0)
FN:12,(anonymous_1)
FNF:2
FNH:2
FNDA:7,(anonymous_0)
FNDA:6,(anonymous_1)
DA:6,2
DA:7,7
DA:13,6
LF:3
LH:3
BRF:0
BRH:0
end_of_record
TN:
SF:/Users/murat/books/redux-in-a/ch-testing/src/components/TasksPage.js
FN:5,(anonymous_0)
FN:14,(anonymous_1)
FN:18,(anonymous_2)
FN:22,(anonymous_3)
FN:30,(anonymous_4)
FN:39,(anonymous_5)
FN:43,(anonymous_6)
FN:46,(anonymous_7)
FN:60,(anonymous_8)
FN:64,(anonymous_9)
FNF:10
FNH:4
FNDA:2,(anonymous_0)
FNDA:0,(anonymous_1)
FNDA:0,(anonymous_2)
FNDA:0,(anonymous_3)
FNDA:0,(anonymous_4)
FNDA:0,(anonymous_5)
FNDA:2,(anonymous_6)
FNDA:3,(anonymous_7)
FNDA:0,(anonymous_8)
FNDA:2,(anonymous_9)
DA:6,2
DA:7,2
DA:15,0
DA:19,0
DA:23,0
DA:31,0
DA:32,0
DA:36,0
DA:40,0
DA:44,2
DA:46,2
DA:47,3
DA:49,3
DA:61,0
DA:65,2
DA:66,0
DA:69,2
LF:17
LH:8
BRDA:65,0,0,0
BRDA:65,0,1,2
BRDA:79,1,0,2
BRDA:79,1,1,0
BRF:4
BRH:2
end_of_record
TN:
SF:/Users/murat/books/redux-in-a/ch-testing/src/constants/index.js
FNF:0
FNH:0
DA:1,4
LF:1
LH:1
BRF:0
BRH:0
end_of_record
TN:
SF:/Users/murat/books/redux-in-a/ch-testing/src/reducers/index.js
FN:10,tasks
FN:40,(anonymous_1)
FN:53,(anonymous_2)
FN:74,(anonymous_3)
FN:75,(anonymous_4)
FN:79,(anonymous_5)
FN:80,(anonymous_6)
FN:86,(anonymous_7)
FN:89,(anonymous_8)
FN:90,(anonymous_9)
FNF:10
FNH:7
FNDA:3,tasks
FNDA:0,(anonymous_1)
FNDA:0,(anonymous_2)
FNDA:5,(anonymous_3)
FNDA:5,(anonymous_4)
FNDA:4,(anonymous_5)
FNDA:6,(anonymous_6)
FNDA:1,(anonymous_7)
FNDA:3,(anonymous_8)
FNDA:0,(anonymous_9)
DA:4,3
DA:11,3
DA:13,1
DA:19,1
DA:26,0
DA:33,0
DA:39,0
DA:40,0
DA:41,0
DA:42,0
DA:45,0
DA:47,0
DA:53,0
DA:54,0
DA:55,0
DA:58,0
DA:60,0
DA:66,0
DA:69,1
DA:74,5
DA:75,5
DA:77,3
DA:80,6
DA:84,3
DA:87,1
DA:89,1
DA:90,3
DA:93,1
LF:28
LH:14
BRDA:10,0,0,1
BRDA:11,1,0,1
BRDA:11,1,1,1
BRDA:11,1,2,0
BRDA:11,1,3,0
BRDA:11,1,4,0
BRDA:11,1,5,0
BRDA:11,1,6,0
BRDA:11,1,7,1
BRDA:41,2,0,0
BRDA:41,2,1,0
BRDA:54,3,0,0
BRDA:54,3,1,0
BRF:13
BRH:4
end_of_record
TN:
SF:/Users/murat/books/redux-in-a/ch-testing/test/setup.js
FN:15,(anonymous_0)
FN:25,(anonymous_1)
FNF:2
FNH:0
FNDA:0,(anonymous_0)
FNDA:0,(anonymous_1)
DA:4,8
DA:6,8
DA:12,8
DA:16,0
DA:26,0
LF:5
LH:3
BRF:0
BRH:0
end_of_record
